#! /cs/local/bin/vvp
:ivl_version "10.3 (stable)" "(v10_3)";
:ivl_delay_selection "TYPICAL";
:vpi_time_precision + 0;
:vpi_module "system";
:vpi_module "vhdl_sys";
:vpi_module "v2005_math";
:vpi_module "va_math";
S_0x103d3b0 .scope module, "labK" "labK" 2 1;
 .timescale 0 0;
L_0x109ee70 .functor NOT 1, v0x109e900_0, C4<0>, C4<0>, C4<0>;
L_0x109ef30 .functor AND 1, v0x103d530_0, L_0x109f030, C4<1>, C4<1>;
L_0x109f030 .functor BUFZ 1, L_0x109ee70, C4<0>, C4<0>, C4<0>;
v0x103d530_0 .var "a", 0 0;
v0x109e900_0 .var "b", 0 0;
v0x109e9c0_0 .var "c", 0 0;
v0x109ea60_0 .var "d", 0 0;
v0x109eb20_0 .var "flag", 0 0;
v0x109ec30_0 .net "lowerInput", 0 0, L_0x109f030;  1 drivers
v0x109ecf0_0 .net "notOutput", 0 0, L_0x109ee70;  1 drivers
v0x109edb0_0 .net "z", 0 0, L_0x109ef30;  1 drivers
    .scope S_0x103d3b0;
T_0 ;
    %pushi/vec4 0, 0, 1;
    %store/vec4 v0x109e9c0_0, 0, 1;
    %pushi/vec4 1, 0, 1;
    %store/vec4 v0x109ea60_0, 0, 1;
    %vpi_func 2 10 "$value$plusargs" 32, "a=%b", v0x103d530_0 {0 0 0};
    %pad/u 1;
    %store/vec4 v0x109eb20_0, 0, 1;
    %load/vec4 v0x109eb20_0;
    %pad/u 32;
    %cmpi/e 0, 0, 32;
    %jmp/0xz  T_0.0, 6;
    %vpi_call 2 12 "$display", "Missing input for the value a" {0 0 0};
    %jmp T_0.1;
T_0.0 ;
    %vpi_func 2 15 "$value$plusargs" 32, "b=%b", v0x109e900_0 {0 0 0};
    %pad/u 1;
    %store/vec4 v0x109eb20_0, 0, 1;
    %load/vec4 v0x109eb20_0;
    %pad/u 32;
    %cmpi/e 0, 0, 32;
    %jmp/0xz  T_0.2, 6;
    %vpi_call 2 17 "$display", "Missing input for the value b" {0 0 0};
    %jmp T_0.3;
T_0.2 ;
    %delay 1, 0;
    %vpi_call 2 21 "$display", "a=%b b=%b z=%b", v0x103d530_0, v0x109e900_0, v0x109edb0_0 {0 0 0};
T_0.3 ;
T_0.1 ;
    %vpi_call 2 24 "$finish" {0 0 0};
    %end;
    .thread T_0;
# The file index is used to find the file name in the following table.
:file_names 3;
    "N/A";
    "<interactive>";
    "k2a01.v";
